2015-10-10 16:36:32 INFO  Tesis:70 - ejecucion: [e , c] = getDimensionesImagen('1_1_IM-0001-4001.png')
2015-10-10 16:36:34 INFO  Tesis:76 - dim x: 420.0
2015-10-10 16:36:34 INFO  Tesis:77 - dim y: 512.0
2015-10-10 16:36:34 INFO  Tesis:110 - ejecucion: [e , c , l] = testMetricas('1_1_IM-0001-4001.png',21,350,0.30540844491115093)
2015-10-10 16:36:38 INFO  Tesis:116 - entropia original: 7.442777498902817
2015-10-10 16:36:38 INFO  Tesis:117 - entropia clahe: 7.695321754635968
2015-10-10 16:36:38 INFO  Tesis:118 - ltg: 0.5688816312440682
2015-10-10 16:36:38 INFO  Tesis:110 - ejecucion: [e , c , l] = testMetricas('1_1_IM-0001-4001.png',211,300,0.7131413907878941)
2015-10-10 16:36:49 INFO  Tesis:116 - entropia original: 7.442777498902817
2015-10-10 16:36:49 INFO  Tesis:117 - entropia clahe: 3.4871281813368555
2015-10-10 16:36:49 INFO  Tesis:118 - ltg: 0.5729166188252117
2015-10-10 16:36:49 INFO  Tesis:110 - ejecucion: [e , c , l] = testMetricas('1_1_IM-0001-4001.png',7,477,0.8633730900568619)
2015-10-10 16:36:50 INFO  Tesis:116 - entropia original: 7.442777498902817
2015-10-10 16:36:50 INFO  Tesis:117 - entropia clahe: 7.796474941977286
2015-10-10 16:36:50 INFO  Tesis:118 - ltg: 0.5855480048307963
2015-10-10 16:36:50 INFO  Tesis:110 - ejecucion: [e , c , l] = testMetricas('1_1_IM-0001-4001.png',65,421,0.6987294561558381)
2015-10-10 16:36:55 INFO  Tesis:116 - entropia original: 7.442777498902817
2015-10-10 16:36:55 INFO  Tesis:117 - entropia clahe: 7.2147676386335515
2015-10-10 16:36:55 INFO  Tesis:118 - ltg: 0.5404438277705106
2015-10-10 16:36:55 INFO  Tesis:110 - ejecucion: [e , c , l] = testMetricas('1_1_IM-0001-4001.png',398,170,0.4676041719389804)
2015-10-10 16:37:07 INFO  Tesis:116 - entropia original: 7.442777498902817
2015-10-10 16:37:07 INFO  Tesis:117 - entropia clahe: 5.4433080184584375
2015-10-10 16:37:07 INFO  Tesis:118 - ltg: 0.5664427753067426
2015-10-10 16:37:07 INFO  Tesis:110 - ejecucion: [e , c , l] = testMetricas('1_1_IM-0001-4001.png',171,313,0.8423753474846226)
2015-10-10 16:37:17 INFO  Tesis:116 - entropia original: 7.442777498902817
2015-10-10 16:37:17 INFO  Tesis:117 - entropia clahe: 5.451179901810017
2015-10-10 16:37:17 INFO  Tesis:118 - ltg: 0.5493452942904296
2015-10-10 16:37:17 INFO  Tesis:110 - ejecucion: [e , c , l] = testMetricas('1_1_IM-0001-4001.png',308,331,0.7337329942698292)
2015-10-10 16:37:35 INFO  Tesis:116 - entropia original: 7.442777498902817
2015-10-10 16:37:35 INFO  Tesis:117 - entropia clahe: 3.4828345464361963
2015-10-10 16:37:35 INFO  Tesis:118 - ltg: 0.5623195793872392
2015-10-10 16:37:35 INFO  Tesis:110 - ejecucion: [e , c , l] = testMetricas('1_1_IM-0001-4001.png',362,431,0.6158787580869155)
2015-10-10 16:38:02 INFO  Tesis:116 - entropia original: 7.442777498902817
2015-10-10 16:38:02 INFO  Tesis:117 - entropia clahe: 3.4828345464361963
2015-10-10 16:38:02 INFO  Tesis:118 - ltg: 0.5623195793872392
2015-10-10 16:38:03 INFO  Tesis:110 - ejecucion: [e , c , l] = testMetricas('1_1_IM-0001-4001.png',252,208,0.23647888772212267)
2015-10-10 16:38:12 INFO  Tesis:116 - entropia original: 7.442777498902817
2015-10-10 16:38:12 INFO  Tesis:117 - entropia clahe: 5.4194151777564095
2015-10-10 16:38:12 INFO  Tesis:118 - ltg: 0.5775476978885133
2015-10-10 16:38:12 INFO  Tesis:110 - ejecucion: [e , c , l] = testMetricas('1_1_IM-0001-4001.png',180,299,0.21714652303026483)
2015-10-10 16:38:22 INFO  Tesis:116 - entropia original: 7.442777498902817
2015-10-10 16:38:22 INFO  Tesis:117 - entropia clahe: 5.462033185821377
2015-10-10 16:38:22 INFO  Tesis:118 - ltg: 0.5768783266619979
2015-10-10 16:38:22 INFO  Tesis:110 - ejecucion: [e , c , l] = testMetricas('1_1_IM-0001-4001.png',29,271,0.0)
2015-10-10 16:38:23 INFO  Tesis:116 - entropia original: 7.442777498902817
2015-10-10 16:38:23 INFO  Tesis:117 - entropia clahe: 7.453684119257441
2015-10-10 16:38:23 INFO  Tesis:118 - ltg: 0.8015661024740501
2015-10-10 16:38:23 INFO  Tesis:110 - ejecucion: [e , c , l] = testMetricas('1_1_IM-0001-4001.png',292,230,0.6531393903480495)
2015-10-10 16:38:35 INFO  Tesis:116 - entropia original: 7.442777498902817
2015-10-10 16:38:35 INFO  Tesis:117 - entropia clahe: 5.4316965489824405
2015-10-10 16:38:35 INFO  Tesis:118 - ltg: 0.5550849477991376
2015-10-10 16:38:35 INFO  Tesis:110 - ejecucion: [e , c , l] = testMetricas('1_1_IM-0001-4001.png',7,477,0.8633730900568619)
2015-10-10 16:38:36 INFO  Tesis:116 - entropia original: 7.442777498902817
2015-10-10 16:38:36 INFO  Tesis:117 - entropia clahe: 7.796474941977286
2015-10-10 16:38:36 INFO  Tesis:118 - ltg: 0.5855480048307963
2015-10-10 16:38:36 INFO  Tesis:110 - ejecucion: [e , c , l] = testMetricas('1_1_IM-0001-4001.png',7,477,0.8661934480189291)
2015-10-10 16:38:37 INFO  Tesis:116 - entropia original: 7.442777498902817
2015-10-10 16:38:37 INFO  Tesis:117 - entropia clahe: 7.796474941977286
2015-10-10 16:38:37 INFO  Tesis:118 - ltg: 0.5855480048307963
2015-10-10 16:38:37 INFO  Tesis:110 - ejecucion: [e , c , l] = testMetricas('1_1_IM-0001-4001.png',189,425,0.9676041719389804)
2015-10-10 16:38:51 INFO  Tesis:116 - entropia original: 7.442777498902817
2015-10-10 16:38:51 INFO  Tesis:117 - entropia clahe: 5.450980576602555
2015-10-10 16:38:51 INFO  Tesis:118 - ltg: 0.5492071364515442
2015-10-10 16:38:51 INFO  Tesis:110 - ejecucion: [e , c , l] = testMetricas('1_1_IM-0001-4001.png',2,512,0.8680852102707681)
2015-10-10 16:38:51 INFO  Tesis:116 - entropia original: 7.442777498902817
2015-10-10 16:38:51 INFO  Tesis:117 - entropia clahe: 7.96088905214752
2015-10-10 16:38:51 INFO  Tesis:118 - ltg: 0.7056535501927562
2015-10-10 16:38:51 INFO  Tesis:110 - ejecucion: [e , c , l] = testMetricas('1_1_IM-0001-4001.png',420,190,0.6085274525192382)
2015-10-10 16:39:06 INFO  Tesis:116 - entropia original: 7.442777498902817
2015-10-10 16:39:06 INFO  Tesis:117 - entropia clahe: 5.428467934805241
2015-10-10 16:39:06 INFO  Tesis:118 - ltg: 0.5600311157646316
2015-10-10 16:39:06 INFO  Tesis:110 - ejecucion: [e , c , l] = testMetricas('1_1_IM-0001-4001.png',420,357,0.2141405198408013)
2015-10-10 16:39:32 INFO  Tesis:116 - entropia original: 7.442777498902817
2015-10-10 16:39:32 INFO  Tesis:117 - entropia clahe: 3.505791590321411
2015-10-10 16:39:32 INFO  Tesis:118 - ltg: 0.5806645755672761
2015-10-10 16:39:32 INFO  Tesis:110 - ejecucion: [e , c , l] = testMetricas('1_1_IM-0001-4001.png',43,439,0.7364788877221227)
2015-10-10 16:39:36 INFO  Tesis:116 - entropia original: 7.442777498902817
2015-10-10 16:39:36 INFO  Tesis:117 - entropia clahe: 7.517179926307436
2015-10-10 16:39:36 INFO  Tesis:118 - ltg: 0.5375717464591231
2015-10-10 16:39:36 INFO  Tesis:110 - ejecucion: [e , c , l] = testMetricas('1_1_IM-0001-4001.png',2,512,0.7171465230302648)
2015-10-10 16:39:36 INFO  Tesis:116 - entropia original: 7.442777498902817
2015-10-10 16:39:36 INFO  Tesis:117 - entropia clahe: 7.96088905214752
2015-10-10 16:39:36 INFO  Tesis:118 - ltg: 0.7056535501927562
2015-10-10 16:49:13 INFO  Tesis:70 - ejecucion: [e , c] = getDimensionesImagen('1_1_IM-0001-4001.png')
2015-10-10 16:49:14 INFO  Tesis:76 - dim x: 420.0
2015-10-10 16:49:14 INFO  Tesis:77 - dim y: 512.0
2015-10-10 16:49:15 INFO  Tesis:110 - ejecucion: [e , c , l] = testMetricas('1_1_IM-0001-4001.png',366,62,0.38444379072157053)
2015-10-10 16:49:21 INFO  Tesis:116 - entropia original: 7.442777498902817
2015-10-10 16:49:21 INFO  Tesis:117 - entropia clahe: 7.346996475640866
2015-10-10 16:49:21 INFO  Tesis:118 - ltg: 0.5427311548471838
2015-10-10 16:49:21 INFO  Tesis:110 - ejecucion: [e , c , l] = testMetricas('1_1_IM-0001-4001.png',263,223,0.97616997026363)
2015-10-10 16:49:32 INFO  Tesis:116 - entropia original: 7.442777498902817
2015-10-10 16:49:32 INFO  Tesis:117 - entropia clahe: 5.433514902467708
2015-10-10 16:49:32 INFO  Tesis:118 - ltg: 0.5401415992595346
2015-10-10 16:49:32 INFO  Tesis:110 - ejecucion: [e , c , l] = testMetricas('1_1_IM-0001-4001.png',193,368,0.7477401493096348)
2015-10-10 16:49:46 INFO  Tesis:116 - entropia original: 7.442777498902817
2015-10-10 16:49:46 INFO  Tesis:117 - entropia clahe: 5.474367977267307
2015-10-10 16:49:46 INFO  Tesis:118 - ltg: 0.5760285557985354
2015-10-10 16:49:46 INFO  Tesis:110 - ejecucion: [e , c , l] = testMetricas('1_1_IM-0001-4001.png',268,168,0.41209796646257213)
2015-10-10 16:49:55 INFO  Tesis:116 - entropia original: 7.442777498902817
2015-10-10 16:49:55 INFO  Tesis:117 - entropia clahe: 5.4433080184584375
2015-10-10 16:49:55 INFO  Tesis:118 - ltg: 0.5664427753067426
2015-10-10 16:49:55 INFO  Tesis:110 - ejecucion: [e , c , l] = testMetricas('1_1_IM-0001-4001.png',405,41,0.7254942448293229)
2015-10-10 16:49:58 INFO  Tesis:116 - entropia original: 7.442777498902817
2015-10-10 16:49:58 INFO  Tesis:117 - entropia clahe: 7.496465260965823
2015-10-10 16:49:58 INFO  Tesis:118 - ltg: 0.5348143144846371
2015-10-10 16:49:58 INFO  Tesis:110 - ejecucion: [e , c , l] = testMetricas('1_1_IM-0001-4001.png',308,144,0.392534659585124)
2015-10-10 16:50:07 INFO  Tesis:116 - entropia original: 7.442777498902817
2015-10-10 16:50:07 INFO  Tesis:117 - entropia clahe: 5.4433080184584375
2015-10-10 16:50:07 INFO  Tesis:118 - ltg: 0.5664427753067426
2015-10-10 16:50:07 INFO  Tesis:110 - ejecucion: [e , c , l] = testMetricas('1_1_IM-0001-4001.png',197,161,0.04337550026568704)
2015-10-10 16:50:13 INFO  Tesis:116 - entropia original: 7.442777498902817
2015-10-10 16:50:13 INFO  Tesis:117 - entropia clahe: 6.9648300979638
2015-10-10 16:50:13 INFO  Tesis:118 - ltg: 0.6530599153551031
2015-10-10 16:50:13 INFO  Tesis:110 - ejecucion: [e , c , l] = testMetricas('1_1_IM-0001-4001.png',317,303,0.6317793191841148)
2015-10-10 16:50:31 INFO  Tesis:116 - entropia original: 7.442777498902817
2015-10-10 16:50:31 INFO  Tesis:117 - entropia clahe: 3.4860861476628124
2015-10-10 16:50:31 INFO  Tesis:118 - ltg: 0.5474174915851046
2015-10-10 16:50:31 INFO  Tesis:110 - ejecucion: [e , c , l] = testMetricas('1_1_IM-0001-4001.png',61,50,0.03889052319607367)
2015-10-10 16:50:32 INFO  Tesis:116 - entropia original: 7.442777498902817
2015-10-10 16:50:32 INFO  Tesis:117 - entropia clahe: 7.610053673257765
2015-10-10 16:50:32 INFO  Tesis:118 - ltg: 0.7013107311923344
2015-10-10 16:50:32 INFO  Tesis:110 - ejecucion: [e , c , l] = testMetricas('1_1_IM-0001-4001.png',133,361,0.05957507434092513)
2015-10-10 16:50:41 INFO  Tesis:116 - entropia original: 7.442777498902817
2015-10-10 16:50:41 INFO  Tesis:117 - entropia clahe: 5.253430075897741
2015-10-10 16:50:41 INFO  Tesis:118 - ltg: 0.6773891852694177
2015-10-10 16:50:41 INFO  Tesis:110 - ejecucion: [e , c , l] = testMetricas('1_1_IM-0001-4001.png',172,55,0.16446425817072896)
2015-10-10 16:50:43 INFO  Tesis:116 - entropia original: 7.442777498902817
2015-10-10 16:50:43 INFO  Tesis:117 - entropia clahe: 7.537946822802854
2015-10-10 16:50:43 INFO  Tesis:118 - ltg: 0.5881206781478836
2015-10-10 16:50:43 INFO  Tesis:110 - ejecucion: [e , c , l] = testMetricas('1_1_IM-0001-4001.png',54,2,0.47616997026362995)
2015-10-10 16:50:44 INFO  Tesis:116 - entropia original: 7.442777498902817
2015-10-10 16:50:44 INFO  Tesis:117 - entropia clahe: 7.97901597543286
2015-10-10 16:50:44 INFO  Tesis:118 - ltg: 0.8137605034155571
2015-10-10 16:50:44 INFO  Tesis:110 - ejecucion: [e , c , l] = testMetricas('1_1_IM-0001-4001.png',334,512,1.0)
2015-10-10 16:51:16 INFO  Tesis:116 - entropia original: 7.442777498902817
2015-10-10 16:51:16 INFO  Tesis:117 - entropia clahe: 3.495657848791049
2015-10-10 16:51:16 INFO  Tesis:118 - ltg: 0.5935056734178745
2015-10-10 16:51:16 INFO  Tesis:110 - ejecucion: [e , c , l] = testMetricas('1_1_IM-0001-4001.png',135,93,0.17179636077430077)
2015-10-10 16:51:19 INFO  Tesis:116 - entropia original: 7.442777498902817
2015-10-10 16:51:19 INFO  Tesis:117 - entropia clahe: 7.424873010539516
2015-10-10 16:51:19 INFO  Tesis:118 - ltg: 0.5800465925163214
2015-10-10 16:51:19 INFO  Tesis:110 - ejecucion: [e , c , l] = testMetricas('1_1_IM-0001-4001.png',420,40,0.8584456814215934)
2015-10-10 16:51:22 INFO  Tesis:116 - entropia original: 7.442777498902817
2015-10-10 16:51:22 INFO  Tesis:117 - entropia clahe: 7.512192403294725
2015-10-10 16:51:22 INFO  Tesis:118 - ltg: 0.5370443701687405
2015-10-10 16:51:22 INFO  Tesis:110 - ejecucion: [e , c , l] = testMetricas('1_1_IM-0001-4001.png',420,245,0.7752364150593052)
2015-10-10 16:51:42 INFO  Tesis:116 - entropia original: 7.442777498902817
2015-10-10 16:51:42 INFO  Tesis:117 - entropia clahe: 5.440846723567333
2015-10-10 16:51:42 INFO  Tesis:118 - ltg: 0.5544251948571641
2015-10-10 16:51:42 INFO  Tesis:110 - ejecucion: [e , c , l] = testMetricas('1_1_IM-0001-4001.png',178,146,0.04273611842415497)
2015-10-10 16:51:47 INFO  Tesis:116 - entropia original: 7.442777498902817
2015-10-10 16:51:47 INFO  Tesis:117 - entropia clahe: 6.974454961488082
2015-10-10 16:51:47 INFO  Tesis:118 - ltg: 0.6543426613217069
2015-10-10 16:51:47 INFO  Tesis:110 - ejecucion: [e , c , l] = testMetricas('1_1_IM-0001-4001.png',108,59,0.13177931918411478)
2015-10-10 16:51:48 INFO  Tesis:116 - entropia original: 7.442777498902817
2015-10-10 16:51:48 INFO  Tesis:117 - entropia clahe: 7.539340536633408
2015-10-10 16:51:48 INFO  Tesis:118 - ltg: 0.6011159152101352
2015-10-10 16:51:48 INFO  Tesis:110 - ejecucion: [e , c , l] = testMetricas('1_1_IM-0001-4001.png',61,50,0.03889052319607367)
2015-10-10 16:51:49 INFO  Tesis:116 - entropia original: 7.442777498902817
2015-10-10 16:51:49 INFO  Tesis:117 - entropia clahe: 7.610053673257765
2015-10-10 16:51:49 INFO  Tesis:118 - ltg: 0.7013107311923344
2015-10-10 16:51:49 INFO  Tesis:110 - ejecucion: [e , c , l] = testMetricas('1_1_IM-0001-4001.png',3,106,0.022105385513494086)
2015-10-10 16:51:49 INFO  Tesis:116 - entropia original: 7.442777498902817
2015-10-10 16:51:49 INFO  Tesis:117 - entropia clahe: 7.902277205455961
2015-10-10 16:51:49 INFO  Tesis:118 - ltg: 0.8104196513912486
2015-10-10 17:03:52 INFO  Tesis:70 - ejecucion: [e , c] = getDimensionesImagen('1_1_IM-0001-4001.png')
2015-10-10 17:03:54 INFO  Tesis:76 - dim x: 420.0
2015-10-10 17:03:54 INFO  Tesis:77 - dim y: 512.0
2015-10-10 17:03:54 INFO  Tesis:110 - ejecucion: [e , c , l] = testMetricas('1_1_IM-0001-4001.png',118,323,0.5153907661115744)
2015-10-10 17:04:01 INFO  Tesis:116 - entropia original: 7.442777498902817
2015-10-10 17:04:01 INFO  Tesis:117 - entropia clahe: 5.4754101504427934
2015-10-10 17:04:01 INFO  Tesis:118 - ltg: 0.5598196710721267
2015-10-10 17:04:01 INFO  Tesis:110 - ejecucion: [e , c , l] = testMetricas('1_1_IM-0001-4001.png',13,322,0.011736208209629284)
2015-10-10 17:04:02 INFO  Tesis:116 - entropia original: 7.442777498902817
2015-10-10 17:04:02 INFO  Tesis:117 - entropia clahe: 7.6278852459607975
2015-10-10 17:04:02 INFO  Tesis:118 - ltg: 0.7869827878327477
2015-10-10 17:04:02 INFO  Tesis:110 - ejecucion: [e , c , l] = testMetricas('1_1_IM-0001-4001.png',112,144,0.36090776998207996)
2015-10-10 17:04:06 INFO  Tesis:116 - entropia original: 7.442777498902817
2015-10-10 17:04:06 INFO  Tesis:117 - entropia clahe: 7.079850558372253
2015-10-10 17:04:06 INFO  Tesis:118 - ltg: 0.5631812839807021
2015-10-10 17:04:06 INFO  Tesis:110 - ejecucion: [e , c , l] = testMetricas('1_1_IM-0001-4001.png',264,351,0.2799733671923804)
2015-10-10 17:04:22 INFO  Tesis:116 - entropia original: 7.442777498902817
2015-10-10 17:04:22 INFO  Tesis:117 - entropia clahe: 3.505791590321411
2015-10-10 17:04:22 INFO  Tesis:118 - ltg: 0.5806645755672761
2015-10-10 17:04:22 INFO  Tesis:110 - ejecucion: [e , c , l] = testMetricas('1_1_IM-0001-4001.png',339,160,0.9957482259567222)
2015-10-10 17:04:32 INFO  Tesis:116 - entropia original: 7.442777498902817
2015-10-10 17:04:32 INFO  Tesis:117 - entropia clahe: 5.424106843934033
2015-10-10 17:04:32 INFO  Tesis:118 - ltg: 0.5415016712496237
2015-10-10 17:04:32 INFO  Tesis:110 - ejecucion: [e , c , l] = testMetricas('1_1_IM-0001-4001.png',148,112,0.2332038527163245)
2015-10-10 17:04:35 INFO  Tesis:116 - entropia original: 7.442777498902817
2015-10-10 17:04:35 INFO  Tesis:117 - entropia clahe: 7.423192115320781
2015-10-10 17:04:35 INFO  Tesis:118 - ltg: 0.570757122634325
2015-10-10 17:04:36 INFO  Tesis:110 - ejecucion: [e , c , l] = testMetricas('1_1_IM-0001-4001.png',185,3,0.5609906058362916)
2015-10-10 17:04:36 INFO  Tesis:116 - entropia original: 7.442777498902817
2015-10-10 17:04:36 INFO  Tesis:117 - entropia clahe: 7.9256752023806065
2015-10-10 17:04:36 INFO  Tesis:118 - ltg: 0.7472762568917087
2015-10-10 17:04:36 INFO  Tesis:110 - ejecucion: [e , c , l] = testMetricas('1_1_IM-0001-4001.png',320,208,0.6439055475442232)
2015-10-10 17:04:48 INFO  Tesis:116 - entropia original: 7.442777498902817
2015-10-10 17:04:48 INFO  Tesis:117 - entropia clahe: 5.4316965489824405
2015-10-10 17:04:48 INFO  Tesis:118 - ltg: 0.5550849477991376
2015-10-10 17:04:48 INFO  Tesis:110 - ejecucion: [e , c , l] = testMetricas('1_1_IM-0001-4001.png',93,79,0.711523084721064)
2015-10-10 17:04:49 INFO  Tesis:116 - entropia original: 7.442777498902817
2015-10-10 17:04:49 INFO  Tesis:117 - entropia clahe: 7.616621162281548
2015-10-10 17:04:49 INFO  Tesis:118 - ltg: 0.5313399659826515
2015-10-10 17:04:49 INFO  Tesis:110 - ejecucion: [e , c , l] = testMetricas('1_1_IM-0001-4001.png',64,333,0.4706594794759268)
2015-10-10 17:04:53 INFO  Tesis:116 - entropia original: 7.442777498902817
2015-10-10 17:04:53 INFO  Tesis:117 - entropia clahe: 7.211453870943884
2015-10-10 17:04:53 INFO  Tesis:118 - ltg: 0.5487701271814427
2015-10-10 17:04:53 INFO  Tesis:110 - ejecucion: [e , c , l] = testMetricas('1_1_IM-0001-4001.png',38,323,0.13152903569044277)
2015-10-10 17:04:56 INFO  Tesis:116 - entropia original: 7.442777498902817
2015-10-10 17:04:56 INFO  Tesis:117 - entropia clahe: 7.526247988346083
2015-10-10 17:04:56 INFO  Tesis:118 - ltg: 0.5979952586379808
2015-10-10 17:04:56 INFO  Tesis:110 - ejecucion: [e , c , l] = testMetricas('1_1_IM-0001-4001.png',13,322,0.011736208209629284)
2015-10-10 17:04:57 INFO  Tesis:116 - entropia original: 7.442777498902817
2015-10-10 17:04:57 INFO  Tesis:117 - entropia clahe: 7.6278852459607975
2015-10-10 17:04:57 INFO  Tesis:118 - ltg: 0.7869827878327477
2015-10-10 17:04:57 INFO  Tesis:110 - ejecucion: [e , c , l] = testMetricas('1_1_IM-0001-4001.png',186,10,0.6243812160718918)
2015-10-10 17:04:57 INFO  Tesis:116 - entropia original: 7.442777498902817
2015-10-10 17:04:57 INFO  Tesis:117 - entropia clahe: 7.765345776339944
2015-10-10 17:04:57 INFO  Tesis:118 - ltg: 0.6196263837845324
2015-10-10 17:04:57 INFO  Tesis:110 - ejecucion: [e , c , l] = testMetricas('1_1_IM-0001-4001.png',55,319,0.0)
2015-10-10 17:05:01 INFO  Tesis:116 - entropia original: 7.442777498902817
2015-10-10 17:05:01 INFO  Tesis:117 - entropia clahe: 6.9830718962380365
2015-10-10 17:05:01 INFO  Tesis:118 - ltg: 0.7251436364169876
2015-10-10 17:05:01 INFO  Tesis:110 - ejecucion: [e , c , l] = testMetricas('1_1_IM-0001-4001.png',130,415,0.4957482259567222)
2015-10-10 17:05:11 INFO  Tesis:116 - entropia original: 7.442777498902817
2015-10-10 17:05:11 INFO  Tesis:117 - entropia clahe: 5.488363049424333
2015-10-10 17:05:11 INFO  Tesis:118 - ltg: 0.5658302399210459
2015-10-10 17:05:11 INFO  Tesis:110 - ejecucion: [e , c , l] = testMetricas('1_1_IM-0001-4001.png',52,262,0.0742555405736133)
2015-10-10 17:05:13 INFO  Tesis:116 - entropia original: 7.442777498902817
2015-10-10 17:05:13 INFO  Tesis:117 - entropia clahe: 7.4007426940690175
2015-10-10 17:05:13 INFO  Tesis:118 - ltg: 0.6534032968476498
2015-10-10 17:05:13 INFO  Tesis:110 - ejecucion: [e , c , l] = testMetricas('1_1_IM-0001-4001.png',185,3,0.5609906058362916)
2015-10-10 17:05:14 INFO  Tesis:116 - entropia original: 7.442777498902817
2015-10-10 17:05:14 INFO  Tesis:117 - entropia clahe: 7.9256752023806065
2015-10-10 17:05:14 INFO  Tesis:118 - ltg: 0.7472762568917087
2015-10-10 17:05:14 INFO  Tesis:110 - ejecucion: [e , c , l] = testMetricas('1_1_IM-0001-4001.png',216,49,0.579473650458465)
2015-10-10 17:05:16 INFO  Tesis:116 - entropia original: 7.442777498902817
2015-10-10 17:05:16 INFO  Tesis:117 - entropia clahe: 7.425935408598438
2015-10-10 17:05:16 INFO  Tesis:118 - ltg: 0.5350400908094375
2015-10-10 17:05:16 INFO  Tesis:110 - ejecucion: [e , c , l] = testMetricas('1_1_IM-0001-4001.png',68,100,0.7540632502294697)
2015-10-10 17:05:17 INFO  Tesis:116 - entropia original: 7.442777498902817
2015-10-10 17:05:17 INFO  Tesis:117 - entropia clahe: 7.6497712858108855
2015-10-10 17:05:17 INFO  Tesis:118 - ltg: 0.5319134016211569
2015-10-10 17:05:17 INFO  Tesis:110 - ejecucion: [e , c , l] = testMetricas('1_1_IM-0001-4001.png',2,512,0.3826077097505557)
2015-10-10 17:05:18 INFO  Tesis:116 - entropia original: 7.442777498902817
2015-10-10 17:05:18 INFO  Tesis:117 - entropia clahe: 7.96088905214752
2015-10-10 17:05:18 INFO  Tesis:118 - ltg: 0.7056535501927562
2015-10-10 17:09:25 INFO  Tesis:70 - ejecucion: [e , c] = getDimensionesImagen('1_1_IM-0001-4001.png')
2015-10-10 17:09:26 INFO  Tesis:76 - dim x: 420.0
2015-10-10 17:09:26 INFO  Tesis:77 - dim y: 512.0
2015-10-10 17:09:26 INFO  Tesis:110 - ejecucion: [e , c , l] = testMetricas('1_1_IM-0001-4001.png',23,363,0.32067409319311957)
2015-10-10 17:09:29 INFO  Tesis:116 - entropia original: 7.442777498902817
2015-10-10 17:09:29 INFO  Tesis:117 - entropia clahe: 7.696969472257238
2015-10-10 17:09:29 INFO  Tesis:118 - ltg: 0.560955081984992
2015-10-10 17:09:29 INFO  Tesis:110 - ejecucion: [e , c , l] = testMetricas('1_1_IM-0001-4001.png',188,367,0.44979100510800585)
2015-10-10 17:09:41 INFO  Tesis:116 - entropia original: 7.442777498902817
2015-10-10 17:09:41 INFO  Tesis:117 - entropia clahe: 5.488363049424333
2015-10-10 17:09:41 INFO  Tesis:118 - ltg: 0.5658302399210459
2015-10-10 17:09:41 INFO  Tesis:110 - ejecucion: [e , c , l] = testMetricas('1_1_IM-0001-4001.png',4,67,0.785321235453741)
2015-10-10 17:09:41 INFO  Tesis:116 - entropia original: 7.442777498902817
2015-10-10 17:09:41 INFO  Tesis:117 - entropia clahe: 7.8592368937645185
2015-10-10 17:09:41 INFO  Tesis:118 - ltg: 0.6376652236854556
2015-10-10 17:09:41 INFO  Tesis:110 - ejecucion: [e , c , l] = testMetricas('1_1_IM-0001-4001.png',152,66,0.2834573946839499)
2015-10-10 17:09:43 INFO  Tesis:116 - entropia original: 7.442777498902817
2015-10-10 17:09:43 INFO  Tesis:117 - entropia clahe: 7.518800724226926
2015-10-10 17:09:43 INFO  Tesis:118 - ltg: 0.5514281091428448
2015-10-10 17:09:43 INFO  Tesis:110 - ejecucion: [e , c , l] = testMetricas('1_1_IM-0001-4001.png',42,293,0.4908860808505755)
2015-10-10 17:09:45 INFO  Tesis:116 - entropia original: 7.442777498902817
2015-10-10 17:09:45 INFO  Tesis:117 - entropia clahe: 7.509119744491024
2015-10-10 17:09:45 INFO  Tesis:118 - ltg: 0.5446866238590248
2015-10-10 17:09:45 INFO  Tesis:110 - ejecucion: [e , c , l] = testMetricas('1_1_IM-0001-4001.png',212,149,0.6832042840402804)
2015-10-10 17:09:51 INFO  Tesis:116 - entropia original: 7.442777498902817
2015-10-10 17:09:51 INFO  Tesis:117 - entropia clahe: 5.440846723567333
2015-10-10 17:09:51 INFO  Tesis:118 - ltg: 0.5544251948571641
2015-10-10 17:09:51 INFO  Tesis:110 - ejecucion: [e , c , l] = testMetricas('1_1_IM-0001-4001.png',387,324,0.006133205293660349)
2015-10-10 17:10:13 INFO  Tesis:116 - entropia original: 7.442777498902817
2015-10-10 17:10:13 INFO  Tesis:117 - entropia clahe: 3.356123476104986
2015-10-10 17:10:13 INFO  Tesis:118 - ltg: 0.6314946843847433
2015-10-10 17:10:13 INFO  Tesis:110 - ejecucion: [e , c , l] = testMetricas('1_1_IM-0001-4001.png',192,397,0.19406005004077354)
2015-10-10 17:10:27 INFO  Tesis:116 - entropia original: 7.442777498902817
2015-10-10 17:10:27 INFO  Tesis:117 - entropia clahe: 5.385073263962724
2015-10-10 17:10:27 INFO  Tesis:118 - ltg: 0.6038909222912391
2015-10-10 17:10:27 INFO  Tesis:110 - ejecucion: [e , c , l] = testMetricas('1_1_IM-0001-4001.png',305,70,0.6983147670172011)
2015-10-10 17:10:31 INFO  Tesis:116 - entropia original: 7.442777498902817
2015-10-10 17:10:31 INFO  Tesis:117 - entropia clahe: 7.081958062156844
2015-10-10 17:10:31 INFO  Tesis:118 - ltg: 0.5262566430639752
2015-10-10 17:10:31 INFO  Tesis:110 - ejecucion: [e , c , l] = testMetricas('1_1_IM-0001-4001.png',178,32,0.8755224872299854)
2015-10-10 17:10:32 INFO  Tesis:116 - entropia original: 7.442777498902817
2015-10-10 17:10:32 INFO  Tesis:117 - entropia clahe: 7.591312263673667
2015-10-10 17:10:32 INFO  Tesis:118 - ltg: 0.5447023170820587
2015-10-10 17:10:32 INFO  Tesis:110 - ejecucion: [e , c , l] = testMetricas('1_1_IM-0001-4001.png',22,341,0.3553581559697476)
2015-10-10 17:10:34 INFO  Tesis:116 - entropia original: 7.442777498902817
2015-10-10 17:10:34 INFO  Tesis:117 - entropia clahe: 7.697284192040345
2015-10-10 17:10:34 INFO  Tesis:118 - ltg: 0.5583743005199243
2015-10-10 17:10:34 INFO  Tesis:110 - ejecucion: [e , c , l] = testMetricas('1_1_IM-0001-4001.png',17,112,0.7616444870990106)
2015-10-10 17:10:34 INFO  Tesis:116 - entropia original: 7.442777498902817
2015-10-10 17:10:34 INFO  Tesis:117 - entropia clahe: 7.682855623732675
2015-10-10 17:10:34 INFO  Tesis:118 - ltg: 0.5542698708112873
2015-10-10 17:10:34 INFO  Tesis:110 - ejecucion: [e , c , l] = testMetricas('1_1_IM-0001-4001.png',4,67,0.785321235453741)
2015-10-10 17:10:34 INFO  Tesis:116 - entropia original: 7.442777498902817
2015-10-10 17:10:34 INFO  Tesis:117 - entropia clahe: 7.8592368937645185
2015-10-10 17:10:34 INFO  Tesis:118 - ltg: 0.6376652236854556
2015-10-10 17:10:34 INFO  Tesis:110 - ejecucion: [e , c , l] = testMetricas('1_1_IM-0001-4001.png',247,66,0.0)
2015-10-10 17:10:37 INFO  Tesis:116 - entropia original: 7.442777498902817
2015-10-10 17:10:37 INFO  Tesis:117 - entropia clahe: 6.9966055397932285
2015-10-10 17:10:37 INFO  Tesis:118 - ltg: 0.7219221896117921
2015-10-10 17:10:37 INFO  Tesis:110 - ejecucion: [e , c , l] = testMetricas('1_1_IM-0001-4001.png',82,512,0.1738506996822471)
2015-10-10 17:10:45 INFO  Tesis:116 - entropia original: 7.442777498902817
2015-10-10 17:10:45 INFO  Tesis:117 - entropia clahe: 6.500545357243021
2015-10-10 17:10:45 INFO  Tesis:118 - ltg: 0.5952186840185718
2015-10-10 17:10:45 INFO  Tesis:110 - ejecucion: [e , c , l] = testMetricas('1_1_IM-0001-4001.png',368,210,0.6061591773166852)
2015-10-10 17:10:59 INFO  Tesis:116 - entropia original: 7.442777498902817
2015-10-10 17:10:59 INFO  Tesis:117 - entropia clahe: 5.428467934805241
2015-10-10 17:10:59 INFO  Tesis:118 - ltg: 0.5600311157646316
2015-10-10 17:10:59 INFO  Tesis:110 - ejecucion: [e , c , l] = testMetricas('1_1_IM-0001-4001.png',388,325,0.002410764242776073)
2015-10-10 17:11:21 INFO  Tesis:116 - entropia original: 7.442777498902817
2015-10-10 17:11:21 INFO  Tesis:117 - entropia clahe: 3.3557370563097217
2015-10-10 17:11:21 INFO  Tesis:118 - ltg: 0.625125132376014
2015-10-10 17:11:21 INFO  Tesis:110 - ejecucion: [e , c , l] = testMetricas('1_1_IM-0001-4001.png',401,512,0.0)
2015-10-10 17:11:57 INFO  Tesis:116 - entropia original: 7.442777498902817
2015-10-10 17:11:57 INFO  Tesis:117 - entropia clahe: 3.356123476104986
2015-10-10 17:11:57 INFO  Tesis:118 - ltg: 0.6314946843847433
2015-10-10 17:11:57 INFO  Tesis:110 - ejecucion: [e , c , l] = testMetricas('1_1_IM-0001-4001.png',420,72,0.6265523269974567)
2015-10-10 17:12:03 INFO  Tesis:116 - entropia original: 7.442777498902817
2015-10-10 17:12:03 INFO  Tesis:117 - entropia clahe: 7.082118651348589
2015-10-10 17:12:03 INFO  Tesis:118 - ltg: 0.5317052148389617
2015-10-10 17:12:03 INFO  Tesis:110 - ejecucion: [e , c , l] = testMetricas('1_1_IM-0001-4001.png',2,67,0.784066583696341)
2015-10-10 17:12:03 INFO  Tesis:116 - entropia original: 7.442777498902817
2015-10-10 17:12:03 INFO  Tesis:117 - entropia clahe: 7.962694335192931
2015-10-10 17:12:03 INFO  Tesis:118 - ltg: 0.7135764531238183
2015-10-10 17:17:43 INFO  Tesis:70 - ejecucion: [e , c] = getDimensionesImagen('1_1_IM-0001-4001.png')
2015-10-10 17:17:47 INFO  Tesis:76 - dim x: 420.0
2015-10-10 17:17:47 INFO  Tesis:77 - dim y: 512.0
2015-10-10 17:17:47 INFO  Tesis:110 - ejecucion: [e , c , l] = testMetricas('1_1_IM-0001-4001.png',381,382,0.7783344515587909)
2015-10-10 17:18:17 INFO  Tesis:116 - entropia original: 7.442777498902817
2015-10-10 17:18:17 INFO  Tesis:117 - entropia clahe: 3.4871281813368555
2015-10-10 17:18:17 INFO  Tesis:118 - ltg: 0.5729166188252117
2015-10-10 17:18:17 INFO  Tesis:110 - ejecucion: [e , c , l] = testMetricas('1_1_IM-0001-4001.png',106,174,0.5646725632904328)
2015-10-10 17:18:21 INFO  Tesis:116 - entropia original: 7.442777498902817
2015-10-10 17:18:21 INFO  Tesis:117 - entropia clahe: 7.105336320296128
2015-10-10 17:18:21 INFO  Tesis:118 - ltg: 0.5517838842987711
2015-10-10 17:18:21 INFO  Tesis:110 - ejecucion: [e , c , l] = testMetricas('1_1_IM-0001-4001.png',364,93,0.19681343541439633)
2015-10-10 17:18:28 INFO  Tesis:116 - entropia original: 7.442777498902817
2015-10-10 17:18:28 INFO  Tesis:117 - entropia clahe: 6.434789143823933
2015-10-10 17:18:28 INFO  Tesis:118 - ltg: 0.5764131593268813
2015-10-10 17:18:28 INFO  Tesis:110 - ejecucion: [e , c , l] = testMetricas('1_1_IM-0001-4001.png',72,153,0.7215678356153743)
2015-10-10 17:18:30 INFO  Tesis:116 - entropia original: 7.442777498902817
2015-10-10 17:18:30 INFO  Tesis:117 - entropia clahe: 7.533322983318164
2015-10-10 17:18:30 INFO  Tesis:118 - ltg: 0.5365137547315786
2015-10-10 17:18:30 INFO  Tesis:110 - ejecucion: [e , c , l] = testMetricas('1_1_IM-0001-4001.png',21,48,0.38786585335919854)
2015-10-10 17:18:31 INFO  Tesis:116 - entropia original: 7.442777498902817
2015-10-10 17:18:31 INFO  Tesis:117 - entropia clahe: 7.642328489055634
2015-10-10 17:18:31 INFO  Tesis:118 - ltg: 0.5638478017404355
2015-10-10 17:18:31 INFO  Tesis:110 - ejecucion: [e , c , l] = testMetricas('1_1_IM-0001-4001.png',214,141,0.9880922225665583)
2015-10-10 17:18:37 INFO  Tesis:116 - entropia original: 7.442777498902817
2015-10-10 17:18:37 INFO  Tesis:117 - entropia clahe: 5.425335314894928
2015-10-10 17:18:37 INFO  Tesis:118 - ltg: 0.5503223697080981
2015-10-10 17:18:37 INFO  Tesis:110 - ejecucion: [e , c , l] = testMetricas('1_1_IM-0001-4001.png',314,444,0.25688030159133945)
2015-10-10 17:19:04 INFO  Tesis:116 - entropia original: 7.442777498902817
2015-10-10 17:19:04 INFO  Tesis:117 - entropia clahe: 3.5086197733081033
2015-10-10 17:19:04 INFO  Tesis:118 - ltg: 0.6182757456575825
2015-10-10 17:19:04 INFO  Tesis:110 - ejecucion: [e , c , l] = testMetricas('1_1_IM-0001-4001.png',140,214,0.9925160096406673)
2015-10-10 17:19:10 INFO  Tesis:116 - entropia original: 7.442777498902817
2015-10-10 17:19:10 INFO  Tesis:117 - entropia clahe: 7.104848147674482
2015-10-10 17:19:10 INFO  Tesis:118 - ltg: 0.5431305175680898
2015-10-10 17:19:10 INFO  Tesis:110 - ejecucion: [e , c , l] = testMetricas('1_1_IM-0001-4001.png',341,4,0.05416387110302279)
2015-10-10 17:19:11 INFO  Tesis:116 - entropia original: 7.442777498902817
2015-10-10 17:19:11 INFO  Tesis:117 - entropia clahe: 7.937449192234497
2015-10-10 17:19:11 INFO  Tesis:118 - ltg: 0.7822007227463588
2015-10-10 17:19:11 INFO  Tesis:110 - ejecucion: [e , c , l] = testMetricas('1_1_IM-0001-4001.png',108,396,0.588318591773918)
2015-10-10 17:19:19 INFO  Tesis:116 - entropia original: 7.442777498902817
2015-10-10 17:19:19 INFO  Tesis:117 - entropia clahe: 5.4706951458201685
2015-10-10 17:19:19 INFO  Tesis:118 - ltg: 0.583368633881088
2015-10-10 17:19:19 INFO  Tesis:110 - ejecucion: [e , c , l] = testMetricas('1_1_IM-0001-4001.png',368,254,0.5320040414868996)
2015-10-10 17:19:38 INFO  Tesis:116 - entropia original: 7.442777498902817
2015-10-10 17:19:38 INFO  Tesis:117 - entropia clahe: 5.428467934805241
2015-10-10 17:19:38 INFO  Tesis:118 - ltg: 0.5600311157646316
2015-10-10 17:19:38 INFO  Tesis:110 - ejecucion: [e , c , l] = testMetricas('1_1_IM-0001-4001.png',2,256,0.8126164696630963)
2015-10-10 17:19:38 INFO  Tesis:116 - entropia original: 7.442777498902817
2015-10-10 17:19:38 INFO  Tesis:117 - entropia clahe: 7.96088905214752
2015-10-10 17:19:38 INFO  Tesis:118 - ltg: 0.7056535501927562
2015-10-10 17:19:38 INFO  Tesis:110 - ejecucion: [e , c , l] = testMetricas('1_1_IM-0001-4001.png',385,174,0.32778405985673786)
2015-10-10 17:19:51 INFO  Tesis:116 - entropia original: 7.442777498902817
2015-10-10 17:19:51 INFO  Tesis:117 - entropia clahe: 5.422197700748878
2015-10-10 17:19:51 INFO  Tesis:118 - ltg: 0.5658921401112152
2015-10-10 17:19:51 INFO  Tesis:110 - ejecucion: [e , c , l] = testMetricas('1_1_IM-0001-4001.png',36,173,0.8120516311255224)
2015-10-10 17:19:52 INFO  Tesis:116 - entropia original: 7.442777498902817
2015-10-10 17:19:52 INFO  Tesis:117 - entropia clahe: 7.696849419734412
2015-10-10 17:19:52 INFO  Tesis:118 - ltg: 0.5355846872095789
2015-10-10 17:19:52 INFO  Tesis:110 - ejecucion: [e , c , l] = testMetricas('1_1_IM-0001-4001.png',230,2,0.0)
2015-10-10 17:19:53 INFO  Tesis:116 - entropia original: 7.442777498902817
2015-10-10 17:19:53 INFO  Tesis:117 - entropia clahe: 7.429965957805323
2015-10-10 17:19:53 INFO  Tesis:118 - ltg: 0.9995677473126309
2015-10-10 17:19:53 INFO  Tesis:110 - ejecucion: [e , c , l] = testMetricas('1_1_IM-0001-4001.png',168,190,1.0)
2015-10-10 17:19:59 INFO  Tesis:116 - entropia original: 7.442777498902817
2015-10-10 17:19:59 INFO  Tesis:117 - entropia clahe: 7.104848147674482
2015-10-10 17:19:59 INFO  Tesis:118 - ltg: 0.5431305175680898
2015-10-10 17:19:59 INFO  Tesis:110 - ejecucion: [e , c , l] = testMetricas('1_1_IM-0001-4001.png',335,189,0.09776637583273382)
2015-10-10 17:20:12 INFO  Tesis:116 - entropia original: 7.442777498902817
2015-10-10 17:20:12 INFO  Tesis:117 - entropia clahe: 5.376250216115558
2015-10-10 17:20:12 INFO  Tesis:118 - ltg: 0.5924724610955512
2015-10-10 17:20:12 INFO  Tesis:110 - ejecucion: [e , c , l] = testMetricas('1_1_IM-0001-4001.png',349,2,0.49251600964066733)
2015-10-10 17:20:12 INFO  Tesis:116 - entropia original: 7.442777498902817
2015-10-10 17:20:12 INFO  Tesis:117 - entropia clahe: 7.982931944424792
2015-10-10 17:20:12 INFO  Tesis:118 - ltg: 0.8050911501635951
2015-10-10 17:20:12 INFO  Tesis:110 - ejecucion: [e , c , l] = testMetricas('1_1_IM-0001-4001.png',341,4,0.05416387110302279)
2015-10-10 17:20:12 INFO  Tesis:116 - entropia original: 7.442777498902817
2015-10-10 17:20:12 INFO  Tesis:117 - entropia clahe: 7.937449192234497
2015-10-10 17:20:12 INFO  Tesis:118 - ltg: 0.7822007227463588
2015-10-10 17:20:12 INFO  Tesis:110 - ejecucion: [e , c , l] = testMetricas('1_1_IM-0001-4001.png',167,296,0.45165980419240404)
2015-10-10 17:20:22 INFO  Tesis:116 - entropia original: 7.442777498902817
2015-10-10 17:20:22 INFO  Tesis:117 - entropia clahe: 5.480565105065225
2015-10-10 17:20:22 INFO  Tesis:118 - ltg: 0.589159812169753
2015-10-10 17:26:44 INFO  Tesis:70 - ejecucion: [e , c] = getDimensionesImagen('1_1_IM-0001-4001.png')
2015-10-10 17:26:45 INFO  Tesis:76 - dim x: 420.0
2015-10-10 17:26:45 INFO  Tesis:77 - dim y: 512.0
2015-10-10 17:26:45 INFO  Tesis:110 - ejecucion: [e , c , l] = testMetricas('1_1_IM-0001-4001.png',284,138,0.5801817822452815)
2015-10-10 17:26:55 INFO  Tesis:116 - entropia original: 7.442777498902817
2015-10-10 17:26:55 INFO  Tesis:117 - entropia clahe: 5.428467934805241
2015-10-10 17:26:55 INFO  Tesis:118 - ltg: 0.5600311157646316
2015-10-10 17:26:55 INFO  Tesis:110 - ejecucion: [e , c , l] = testMetricas('1_1_IM-0001-4001.png',370,125,0.21117690871977146)
2015-10-10 17:27:04 INFO  Tesis:116 - entropia original: 7.442777498902817
2015-10-10 17:27:04 INFO  Tesis:117 - entropia clahe: 6.434789143823933
2015-10-10 17:27:04 INFO  Tesis:118 - ltg: 0.5764131593268813
2015-10-10 17:27:04 INFO  Tesis:110 - ejecucion: [e , c , l] = testMetricas('1_1_IM-0001-4001.png',233,40,0.951010557915316)
2015-10-10 17:27:06 INFO  Tesis:116 - entropia original: 7.442777498902817
2015-10-10 17:27:06 INFO  Tesis:117 - entropia clahe: 7.511330041297823
2015-10-10 17:27:06 INFO  Tesis:118 - ltg: 0.5344092017618881
2015-10-10 17:27:06 INFO  Tesis:110 - ejecucion: [e , c , l] = testMetricas('1_1_IM-0001-4001.png',257,39,0.8761463609711369)
2015-10-10 17:27:08 INFO  Tesis:116 - entropia original: 7.442777498902817
2015-10-10 17:27:08 INFO  Tesis:117 - entropia clahe: 7.496296119094007
2015-10-10 17:27:08 INFO  Tesis:118 - ltg: 0.5344544254381665
2015-10-10 17:27:08 INFO  Tesis:110 - ejecucion: [e , c , l] = testMetricas('1_1_IM-0001-4001.png',338,278,0.46284595267896655)
2015-10-10 17:27:26 INFO  Tesis:116 - entropia original: 7.442777498902817
2015-10-10 17:27:26 INFO  Tesis:117 - entropia clahe: 3.5086197733081033
2015-10-10 17:27:26 INFO  Tesis:118 - ltg: 0.6182757456575825
2015-10-10 17:27:26 INFO  Tesis:110 - ejecucion: [e , c , l] = testMetricas('1_1_IM-0001-4001.png',267,150,0.967451840439769)
2015-10-10 17:27:34 INFO  Tesis:116 - entropia original: 7.442777498902817
2015-10-10 17:27:34 INFO  Tesis:117 - entropia clahe: 5.424106843934033
2015-10-10 17:27:34 INFO  Tesis:118 - ltg: 0.5415016712496237
2015-10-10 17:27:34 INFO  Tesis:110 - ejecucion: [e , c , l] = testMetricas('1_1_IM-0001-4001.png',387,39,0.10481619751642501)
2015-10-10 17:27:37 INFO  Tesis:116 - entropia original: 7.442777498902817
2015-10-10 17:27:37 INFO  Tesis:117 - entropia clahe: 7.5086171362960945
2015-10-10 17:27:37 INFO  Tesis:118 - ltg: 0.6094248867953255
2015-10-10 17:27:37 INFO  Tesis:110 - ejecucion: [e , c , l] = testMetricas('1_1_IM-0001-4001.png',319,122,0.9270567399458125)
2015-10-10 17:27:45 INFO  Tesis:116 - entropia original: 7.442777498902817
2015-10-10 17:27:45 INFO  Tesis:117 - entropia clahe: 6.453955535035522
2015-10-10 17:27:45 INFO  Tesis:118 - ltg: 0.528565934331126
2015-10-10 17:27:45 INFO  Tesis:110 - ejecucion: [e , c , l] = testMetricas('1_1_IM-0001-4001.png',93,247,0.04954554438679626)
2015-10-10 17:27:49 INFO  Tesis:116 - entropia original: 7.442777498902817
2015-10-10 17:27:49 INFO  Tesis:117 - entropia clahe: 7.368894490673352
2015-10-10 17:27:49 INFO  Tesis:118 - ltg: 0.6828892634268104
2015-10-10 17:27:49 INFO  Tesis:110 - ejecucion: [e , c , l] = testMetricas('1_1_IM-0001-4001.png',72,51,0.47205772820057135)
2015-10-10 17:27:50 INFO  Tesis:116 - entropia original: 7.442777498902817
2015-10-10 17:27:50 INFO  Tesis:117 - entropia clahe: 7.587511832663443
2015-10-10 17:27:50 INFO  Tesis:118 - ltg: 0.5387407553405706
2015-10-10 17:27:50 INFO  Tesis:110 - ejecucion: [e , c , l] = testMetricas('1_1_IM-0001-4001.png',420,48,1.0)
2015-10-10 17:27:54 INFO  Tesis:116 - entropia original: 7.442777498902817
2015-10-10 17:27:54 INFO  Tesis:117 - entropia clahe: 7.444244740787664
2015-10-10 17:27:54 INFO  Tesis:118 - ltg: 0.5348984152143131
2015-10-10 17:27:54 INFO  Tesis:110 - ejecucion: [e , c , l] = testMetricas('1_1_IM-0001-4001.png',362,167,0.2634833099290824)
2015-10-10 17:28:06 INFO  Tesis:116 - entropia original: 7.442777498902817
2015-10-10 17:28:06 INFO  Tesis:117 - entropia clahe: 5.4319750199205075
2015-10-10 17:28:06 INFO  Tesis:118 - ltg: 0.5763039188600104
2015-10-10 17:28:06 INFO  Tesis:110 - ejecucion: [e , c , l] = testMetricas('1_1_IM-0001-4001.png',226,51,0.8997463930328125)
2015-10-10 17:28:08 INFO  Tesis:116 - entropia original: 7.442777498902817
2015-10-10 17:28:08 INFO  Tesis:117 - entropia clahe: 7.426382603453305
2015-10-10 17:28:08 INFO  Tesis:118 - ltg: 0.5326332753920204
2015-10-10 17:28:08 INFO  Tesis:110 - ejecucion: [e , c , l] = testMetricas('1_1_IM-0001-4001.png',48,53,0.38931717410540284)
2015-10-10 17:28:09 INFO  Tesis:116 - entropia original: 7.442777498902817
2015-10-10 17:28:09 INFO  Tesis:117 - entropia clahe: 7.60865394105725
2015-10-10 17:28:09 INFO  Tesis:118 - ltg: 0.544260109250492
2015-10-10 17:28:09 INFO  Tesis:110 - ejecucion: [e , c , l] = testMetricas('1_1_IM-0001-4001.png',129,236,0.0)
2015-10-10 17:28:15 INFO  Tesis:116 - entropia original: 7.442777498902817
2015-10-10 17:28:15 INFO  Tesis:117 - entropia clahe: 6.844973909824352
2015-10-10 17:28:15 INFO  Tesis:118 - ltg: 0.748940231372051
2015-10-10 17:28:15 INFO  Tesis:110 - ejecucion: [e , c , l] = testMetricas('1_1_IM-0001-4001.png',58,327,0.46745184043976895)
2015-10-10 17:28:19 INFO  Tesis:116 - entropia original: 7.442777498902817
2015-10-10 17:28:19 INFO  Tesis:117 - entropia clahe: 7.211453870943884
2015-10-10 17:28:19 INFO  Tesis:118 - ltg: 0.5487701271814427
2015-10-10 17:28:19 INFO  Tesis:110 - ejecucion: [e , c , l] = testMetricas('1_1_IM-0001-4001.png',420,2,0.14373424526751735)
2015-10-10 17:28:19 INFO  Tesis:116 - entropia original: 7.442777498902817
2015-10-10 17:28:19 INFO  Tesis:117 - entropia clahe: 7.9827344326814575
2015-10-10 17:28:19 INFO  Tesis:118 - ltg: 0.8059203890264118
2015-10-10 17:28:19 INFO  Tesis:110 - ejecucion: [e , c , l] = testMetricas('1_1_IM-0001-4001.png',128,67,0.5735148283988238)
2015-10-10 17:28:21 INFO  Tesis:116 - entropia original: 7.442777498902817
2015-10-10 17:28:21 INFO  Tesis:117 - entropia clahe: 7.567907853591862
2015-10-10 17:28:21 INFO  Tesis:118 - ltg: 0.5337159345721327
2015-10-10 17:28:21 INFO  Tesis:110 - ejecucion: [e , c , l] = testMetricas('1_1_IM-0001-4001.png',102,338,0.0)
2015-10-10 17:28:28 INFO  Tesis:116 - entropia original: 7.442777498902817
2015-10-10 17:28:28 INFO  Tesis:117 - entropia clahe: 6.32815883743298
2015-10-10 17:28:28 INFO  Tesis:118 - ltg: 0.7065999582719569
2015-10-10 17:28:28 INFO  Tesis:110 - ejecucion: [e , c , l] = testMetricas('1_1_IM-0001-4001.png',72,51,0.47205772820057135)
2015-10-10 17:28:29 INFO  Tesis:116 - entropia original: 7.442777498902817
2015-10-10 17:28:29 INFO  Tesis:117 - entropia clahe: 7.587511832663443
2015-10-10 17:28:29 INFO  Tesis:118 - ltg: 0.5387407553405706
2015-10-10 17:29:22 INFO  Tesis:70 - ejecucion: [e , c] = getDimensionesImagen('1_1_IM-0001-4001.png')
2015-10-10 17:29:23 INFO  Tesis:76 - dim x: 420.0
2015-10-10 17:29:23 INFO  Tesis:77 - dim y: 512.0
2015-10-10 17:29:23 INFO  Tesis:110 - ejecucion: [e , c , l] = testMetricas('1_1_IM-0001-4001.png',227,30,0.13654994658943997)
2015-10-10 17:29:27 INFO  Tesis:116 - entropia original: 7.442777498902817
2015-10-10 17:29:27 INFO  Tesis:117 - entropia clahe: 7.530044809709176
2015-10-10 17:29:27 INFO  Tesis:118 - ltg: 0.6010404783090814
2015-10-10 17:29:27 INFO  Tesis:110 - ejecucion: [e , c , l] = testMetricas('1_1_IM-0001-4001.png',227,30,0.13654994658943997)
2015-10-10 17:29:28 INFO  Tesis:116 - entropia original: 7.442777498902817
2015-10-10 17:29:28 INFO  Tesis:117 - entropia clahe: 7.530044809709176
2015-10-10 17:29:28 INFO  Tesis:118 - ltg: 0.6010404783090814
2015-10-10 17:32:25 INFO  Tesis:70 - ejecucion: [e , c] = getDimensionesImagen('1_1_IM-0001-4001.png')
2015-10-10 17:32:26 INFO  Tesis:76 - dim x: 420.0
2015-10-10 17:32:26 INFO  Tesis:77 - dim y: 512.0
2015-10-10 17:32:26 INFO  Tesis:110 - ejecucion: [e , c , l] = testMetricas('1_1_IM-0001-4001.png',92,148,0.4294523059666737)
2015-10-10 17:32:31 INFO  Tesis:116 - entropia original: 7.442777498902817
2015-10-10 17:32:31 INFO  Tesis:117 - entropia clahe: 7.505569784051796
2015-10-10 17:32:31 INFO  Tesis:118 - ltg: 0.5467798533911965
2015-10-10 17:32:31 INFO  Tesis:110 - ejecucion: [e , c , l] = testMetricas('1_1_IM-0001-4001.png',92,148,0.4294523059666737)
2015-10-10 17:32:34 INFO  Tesis:116 - entropia original: 7.442777498902817
2015-10-10 17:32:34 INFO  Tesis:117 - entropia clahe: 7.505569784051796
2015-10-10 17:32:34 INFO  Tesis:118 - ltg: 0.5467798533911965
2015-10-10 17:34:21 INFO  Tesis:70 - ejecucion: [e , c] = getDimensionesImagen('1_1_IM-0001-4001.png')
2015-10-10 17:34:21 INFO  Tesis:76 - dim x: 420.0
2015-10-10 17:34:21 INFO  Tesis:77 - dim y: 512.0
2015-10-10 17:34:21 INFO  Tesis:110 - ejecucion: [e , c , l] = testMetricas('1_1_IM-0001-4001.png',292,208,0.761583600714175)
2015-10-10 17:34:36 INFO  Tesis:116 - entropia original: 7.442777498902817
2015-10-10 17:34:36 INFO  Tesis:117 - entropia clahe: 5.4316965489824405
2015-10-10 17:34:36 INFO  Tesis:118 - ltg: 0.5550849477991376
2015-10-10 17:34:36 INFO  Tesis:110 - ejecucion: [e , c , l] = testMetricas('1_1_IM-0001-4001.png',292,208,0.761583600714175)
2015-10-10 17:34:47 INFO  Tesis:116 - entropia original: 7.442777498902817
2015-10-10 17:34:47 INFO  Tesis:117 - entropia clahe: 5.4316965489824405
2015-10-10 17:34:47 INFO  Tesis:118 - ltg: 0.5550849477991376
