<?xml version="1.0" encoding="windows-1252" standalone="no"?>
<!DOCTYPE log SYSTEM "logger.dtd">
<log>
<record>
  <date>2015-11-20T01:14:13</date>
  <millis>1447992853522</millis>
  <sequence>30</sequence>
  <logger>jMetal</logger>
  <level>INFO</level>
  <class>jmetal.metaheuristics.smpso.SMPSOTesis_main</class>
  <method>main</method>
  <thread>1</thread>
  <message>Tiempo total: 7826888 ms</message>
</record>
<record>
  <date>2015-11-20T01:14:14</date>
  <millis>1447992854006</millis>
  <sequence>31</sequence>
  <logger>jMetal</logger>
  <level>INFO</level>
  <class>jmetal.metaheuristics.smpso.SMPSOTesis_main</class>
  <method>main</method>
  <thread>1</thread>
  <message>Objectives values have been writen to file FUN</message>
</record>
<record>
  <date>2015-11-20T01:15:59</date>
  <millis>1447992959743</millis>
  <sequence>39</sequence>
  <logger>jMetal</logger>
  <level>INFO</level>
  <class>jmetal.core.SolutionSet</class>
  <method>printObjectivesToFile</method>
  <thread>1</thread>
  <message>cantidad de registros insertados: 7</message>
</record>
<record>
  <date>2015-11-20T01:15:59</date>
  <millis>1447992959743</millis>
  <sequence>40</sequence>
  <logger>jMetal</logger>
  <level>INFO</level>
  <class>jmetal.metaheuristics.smpso.SMPSOTesis_main</class>
  <method>main</method>
  <thread>1</thread>
  <message>Variables values have been writen to file VAR</message>
</record>
</log>
